<?xml version="1.0" encoding="UTF-8"?>
<coverage generated="1733586362102" clover="3.2.0">
  <project timestamp="1733586362102" name="All files">
    <metrics statements="57" coveredstatements="44" conditionals="62" coveredconditionals="48" methods="27" coveredmethods="17" elements="146" coveredelements="109" complexity="0" loc="57" ncloc="57" packages="4" files="4" classes="4"/>
    <package name="components">
      <metrics statements="3" coveredstatements="3" conditionals="8" coveredconditionals="4" methods="2" coveredmethods="2"/>
      <file name="ToggleCatch.tsx" path="/Users/miguelbragagomes/pokebloq/src/components/ToggleCatch.tsx">
        <metrics statements="3" coveredstatements="3" conditionals="8" coveredconditionals="4" methods="2" coveredmethods="2"/>
        <line num="5" count="12" type="stmt"/>
        <line num="6" count="1" type="stmt"/>
        <line num="18" count="1" type="stmt"/>
      </file>
    </package>
    <package name="hooks">
      <metrics statements="3" coveredstatements="3" conditionals="0" coveredconditionals="0" methods="2" coveredmethods="2"/>
      <file name="useIsPokemonCaught.tsx" path="/Users/miguelbragagomes/pokebloq/src/hooks/useIsPokemonCaught.tsx">
        <metrics statements="3" coveredstatements="3" conditionals="0" coveredconditionals="0" methods="2" coveredmethods="2"/>
        <line num="4" count="15" type="stmt"/>
        <line num="5" count="15" type="stmt"/>
        <line num="8" count="2" type="stmt"/>
      </file>
    </package>
    <package name="pages">
      <metrics statements="38" coveredstatements="34" conditionals="54" coveredconditionals="44" methods="17" coveredmethods="13"/>
      <file name="PokemonListPage.tsx" path="/Users/miguelbragagomes/pokebloq/src/pages/PokemonListPage.tsx">
        <metrics statements="38" coveredstatements="34" conditionals="54" coveredconditionals="44" methods="17" coveredmethods="13"/>
        <line num="1" count="1" type="stmt"/>
        <line num="2" count="1" type="stmt"/>
        <line num="3" count="1" type="stmt"/>
        <line num="4" count="1" type="stmt"/>
        <line num="6" count="1" type="stmt"/>
        <line num="7" count="1" type="stmt"/>
        <line num="8" count="1" type="stmt"/>
        <line num="10" count="1" type="stmt"/>
        <line num="11" count="16" type="stmt"/>
        <line num="12" count="20" type="cond" truecount="10" falsecount="0"/>
        <line num="14" count="10" type="stmt"/>
        <line num="22" count="16" type="stmt"/>
        <line num="24" count="16" type="stmt"/>
        <line num="27" count="6" type="stmt"/>
        <line num="31" count="16" type="stmt"/>
        <line num="33" count="16" type="stmt"/>
        <line num="35" count="16" type="stmt"/>
        <line num="36" count="1" type="stmt"/>
        <line num="37" count="1" type="stmt"/>
        <line num="39" count="1" type="cond" truecount="1" falsecount="1"/>
        <line num="40" count="0" type="stmt"/>
        <line num="42" count="1" type="cond" truecount="6" falsecount="2"/>
        <line num="43" count="1" type="cond" truecount="0" falsecount="1"/>
        <line num="44" count="1" type="stmt"/>
        <line num="47" count="1" type="stmt"/>
        <line num="48" count="1" type="cond" truecount="0" falsecount="1"/>
        <line num="49" count="0" type="stmt"/>
        <line num="50" count="0" type="stmt"/>
        <line num="54" count="16" type="stmt"/>
        <line num="55" count="18" type="cond" truecount="11" falsecount="1"/>
        <line num="57" count="16" type="cond" truecount="1" falsecount="0"/>
        <line num="58" count="10" type="cond" truecount="1" falsecount="0"/>
        <line num="60" count="6" type="stmt"/>
        <line num="69" count="12" type="stmt"/>
        <line num="70" count="12" type="stmt"/>
        <line num="98" count="0" type="stmt"/>
        <line num="107" count="1" type="cond" truecount="4" falsecount="2"/>
        <line num="120" count="1" type="stmt"/>
      </file>
    </package>
    <package name="services">
      <metrics statements="13" coveredstatements="4" conditionals="0" coveredconditionals="0" methods="6" coveredmethods="0"/>
      <file name="pokemonApi.ts" path="/Users/miguelbragagomes/pokebloq/src/services/pokemonApi.ts">
        <metrics statements="13" coveredstatements="4" conditionals="0" coveredconditionals="0" methods="6" coveredmethods="0"/>
        <line num="1" count="1" type="stmt"/>
        <line num="5" count="1" type="stmt"/>
        <line num="6" count="0" type="stmt"/>
        <line num="7" count="0" type="stmt"/>
        <line num="10" count="1" type="stmt"/>
        <line num="11" count="0" type="stmt"/>
        <line num="12" count="0" type="stmt"/>
        <line num="16" count="1" type="stmt"/>
        <line num="17" count="0" type="stmt"/>
        <line num="18" count="0" type="stmt"/>
        <line num="19" count="0" type="stmt"/>
        <line num="20" count="0" type="stmt"/>
        <line num="23" count="0" type="stmt"/>
      </file>
    </package>
  </project>
</coverage>
