{"/Users/miguelbragagomes/pokebloq/src/components/ToggleCatch.tsx": {"path":"/Users/miguelbragagomes/pokebloq/src/components/ToggleCatch.tsx","statementMap":{"0":{"start":{"line":5,"column":4},"end":{"line":15,"column":null}},"1":{"start":{"line":6,"column":23},"end":{"line":6,"column":47}},"2":{"start":{"line":18,"column":0},"end":{"line":18,"column":27}}},"fnMap":{"0":{"name":"ToggleCatch","decl":{"start":{"line":3,"column":9},"end":{"line":3,"column":20}},"loc":{"start":{"line":4,"column":113},"end":{"line":16,"column":1}}},"1":{"name":"(anonymous_1)","decl":{"start":{"line":6,"column":17},"end":{"line":6,"column":20}},"loc":{"start":{"line":6,"column":23},"end":{"line":6,"column":47}}}},"branchMap":{"0":{"loc":{"start":{"line":7,"column":65},"end":{"line":9,"column":null}},"type":"cond-expr","locations":[{"start":{"line":8,"column":14},"end":{"line":8,"column":54}},{"start":{"line":9,"column":14},"end":{"line":9,"column":null}}]},"1":{"loc":{"start":{"line":11,"column":20},"end":{"line":11,"column":55}},"type":"cond-expr","locations":[{"start":{"line":11,"column":36},"end":{"line":11,"column":45}},{"start":{"line":11,"column":48},"end":{"line":11,"column":55}}]},"2":{"loc":{"start":{"line":12,"column":59},"end":{"line":12,"column":94}},"type":"cond-expr","locations":[{"start":{"line":12,"column":75},"end":{"line":12,"column":84}},{"start":{"line":12,"column":87},"end":{"line":12,"column":94}}]},"3":{"loc":{"start":{"line":14,"column":9},"end":{"line":14,"column":44}},"type":"cond-expr","locations":[{"start":{"line":14,"column":25},"end":{"line":14,"column":34}},{"start":{"line":14,"column":37},"end":{"line":14,"column":44}}]}},"s":{"0":12,"1":1,"2":1},"f":{"0":12,"1":1},"b":{"0":[0,12],"1":[0,12],"2":[0,12],"3":[0,12]}}
,"/Users/miguelbragagomes/pokebloq/src/hooks/useIsPokemonCaught.tsx": {"path":"/Users/miguelbragagomes/pokebloq/src/hooks/useIsPokemonCaught.tsx","statementMap":{"0":{"start":{"line":4,"column":28},"end":{"line":4,"column":88}},"1":{"start":{"line":4,"column":59},"end":{"line":4,"column":87}},"2":{"start":{"line":5,"column":4},"end":{"line":5,"column":27}},"3":{"start":{"line":8,"column":0},"end":{"line":8,"column":34}}},"fnMap":{"0":{"name":"useIsPokemonCaught","decl":{"start":{"line":3,"column":9},"end":{"line":3,"column":27}},"loc":{"start":{"line":3,"column":80},"end":{"line":6,"column":1}}},"1":{"name":"(anonymous_1)","decl":{"start":{"line":4,"column":48},"end":{"line":4,"column":55}},"loc":{"start":{"line":4,"column":59},"end":{"line":4,"column":87}}}},"branchMap":{},"s":{"0":15,"1":3,"2":15,"3":2},"f":{"0":15,"1":3},"b":{}}
,"/Users/miguelbragagomes/pokebloq/src/pages/PokemonListPage.tsx": {"path":"/Users/miguelbragagomes/pokebloq/src/pages/PokemonListPage.tsx","statementMap":{"0":{"start":{"line":1,"column":0},"end":{"line":1,"column":61}},"1":{"start":{"line":2,"column":0},"end":{"line":2,"column":33}},"2":{"start":{"line":3,"column":0},"end":{"line":3,"column":40}},"3":{"start":{"line":4,"column":0},"end":{"line":4,"column":76}},"4":{"start":{"line":6,"column":0},"end":{"line":6,"column":61}},"5":{"start":{"line":7,"column":0},"end":{"line":7,"column":61}},"6":{"start":{"line":8,"column":0},"end":{"line":8,"column":52}},"7":{"start":{"line":10,"column":26},"end":{"line":18,"column":1}},"8":{"start":{"line":11,"column":2},"end":{"line":17,"column":5}},"9":{"start":{"line":12,"column":68},"end":{"line":16,"column":6}},"10":{"start":{"line":14,"column":21},"end":{"line":14,"column":54}},"11":{"start":{"line":22,"column":26},"end":{"line":22,"column":45}},"12":{"start":{"line":24,"column":70},"end":{"line":28,"column":null}},"13":{"start":{"line":27,"column":21},"end":{"line":27,"column":40}},"14":{"start":{"line":31,"column":32},"end":{"line":31,"column":62}},"15":{"start":{"line":33,"column":27},"end":{"line":33,"column":81}},"16":{"start":{"line":33,"column":65},"end":{"line":33,"column":80}},"17":{"start":{"line":35,"column":22},"end":{"line":52,"column":3}},"18":{"start":{"line":36,"column":26},"end":{"line":36,"column":86}},"19":{"start":{"line":36,"column":57},"end":{"line":36,"column":85}},"20":{"start":{"line":37,"column":45},"end":{"line":37,"column":47}},"21":{"start":{"line":39,"column":4},"end":{"line":45,"column":5}},"22":{"start":{"line":40,"column":6},"end":{"line":40,"column":89}},"23":{"start":{"line":40,"column":59},"end":{"line":40,"column":87}},"24":{"start":{"line":42,"column":29},"end":{"line":42,"column":106}},"25":{"start":{"line":42,"column":67},"end":{"line":42,"column":100}},"26":{"start":{"line":43,"column":6},"end":{"line":43,"column":34}},"27":{"start":{"line":43,"column":27},"end":{"line":43,"column":34}},"28":{"start":{"line":44,"column":6},"end":{"line":44,"column":87}},"29":{"start":{"line":47,"column":4},"end":{"line":47,"column":41}},"30":{"start":{"line":48,"column":4},"end":{"line":51,"column":5}},"31":{"start":{"line":49,"column":6},"end":{"line":49,"column":52}},"32":{"start":{"line":50,"column":6},"end":{"line":50,"column":84}},"33":{"start":{"line":54,"column":26},"end":{"line":55,"column":105}},"34":{"start":{"line":55,"column":4},"end":{"line":55,"column":105}},"35":{"start":{"line":55,"column":42},"end":{"line":55,"column":75}},"36":{"start":{"line":57,"column":2},"end":{"line":57,"column":55}},"37":{"start":{"line":57,"column":21},"end":{"line":57,"column":55}},"38":{"start":{"line":58,"column":2},"end":{"line":58,"column":66}},"39":{"start":{"line":58,"column":24},"end":{"line":58,"column":66}},"40":{"start":{"line":60,"column":2},"end":{"line":117,"column":4}},"41":{"start":{"line":69,"column":34},"end":{"line":69,"column":82}},"42":{"start":{"line":70,"column":12},"end":{"line":92,"column":14}},"43":{"start":{"line":98,"column":27},"end":{"line":98,"column":65}},"44":{"start":{"line":98,"column":44},"end":{"line":98,"column":64}},"45":{"start":{"line":107,"column":27},"end":{"line":107,"column":80}},"46":{"start":{"line":107,"column":45},"end":{"line":107,"column":78}},"47":{"start":{"line":120,"column":0},"end":{"line":120,"column":27}}},"fnMap":{"0":{"name":"(anonymous_0)","decl":{"start":{"line":10,"column":26},"end":{"line":10,"column":27}},"loc":{"start":{"line":10,"column":71},"end":{"line":18,"column":1}}},"1":{"name":"(anonymous_1)","decl":{"start":{"line":12,"column":39},"end":{"line":12,"column":40}},"loc":{"start":{"line":12,"column":68},"end":{"line":16,"column":6}}},"2":{"name":"(anonymous_2)","decl":{"start":{"line":14,"column":15},"end":{"line":14,"column":18}},"loc":{"start":{"line":14,"column":21},"end":{"line":14,"column":54}}},"3":{"name":"PokemonList","decl":{"start":{"line":20,"column":9},"end":{"line":20,"column":20}},"loc":{"start":{"line":21,"column":111},"end":{"line":118,"column":1}}},"4":{"name":"(anonymous_4)","decl":{"start":{"line":27,"column":15},"end":{"line":27,"column":18}},"loc":{"start":{"line":27,"column":21},"end":{"line":27,"column":40}}},"5":{"name":"(anonymous_5)","decl":{"start":{"line":33,"column":54},"end":{"line":33,"column":55}},"loc":{"start":{"line":33,"column":65},"end":{"line":33,"column":80}}},"6":{"name":"(anonymous_6)","decl":{"start":{"line":35,"column":22},"end":{"line":35,"column":23}},"loc":{"start":{"line":35,"column":46},"end":{"line":52,"column":3}}},"7":{"name":"(anonymous_7)","decl":{"start":{"line":36,"column":46},"end":{"line":36,"column":53}},"loc":{"start":{"line":36,"column":57},"end":{"line":36,"column":85}}},"8":{"name":"(anonymous_8)","decl":{"start":{"line":40,"column":48},"end":{"line":40,"column":55}},"loc":{"start":{"line":40,"column":59},"end":{"line":40,"column":87}}},"9":{"name":"(anonymous_9)","decl":{"start":{"line":42,"column":56},"end":{"line":42,"column":57}},"loc":{"start":{"line":42,"column":66},"end":{"line":42,"column":100}}},"10":{"name":"(anonymous_10)","decl":{"start":{"line":54,"column":26},"end":{"line":54,"column":27}},"loc":{"start":{"line":54,"column":50},"end":{"line":55,"column":105}}},"11":{"name":"(anonymous_11)","decl":{"start":{"line":55,"column":31},"end":{"line":55,"column":32}},"loc":{"start":{"line":55,"column":41},"end":{"line":55,"column":75}}},"12":{"name":"(anonymous_12)","decl":{"start":{"line":68,"column":36},"end":{"line":68,"column":37}},"loc":{"start":{"line":68,"column":48},"end":{"line":93,"column":11}}},"13":{"name":"(anonymous_13)","decl":{"start":{"line":98,"column":21},"end":{"line":98,"column":24}},"loc":{"start":{"line":98,"column":27},"end":{"line":98,"column":65}}},"14":{"name":"(anonymous_14)","decl":{"start":{"line":98,"column":35},"end":{"line":98,"column":36}},"loc":{"start":{"line":98,"column":44},"end":{"line":98,"column":64}}},"15":{"name":"(anonymous_15)","decl":{"start":{"line":107,"column":21},"end":{"line":107,"column":24}},"loc":{"start":{"line":107,"column":27},"end":{"line":107,"column":80}}},"16":{"name":"(anonymous_16)","decl":{"start":{"line":107,"column":35},"end":{"line":107,"column":36}},"loc":{"start":{"line":107,"column":45},"end":{"line":107,"column":78}}}},"branchMap":{"0":{"loc":{"start":{"line":12,"column":13},"end":{"line":16,"column":13}},"type":"binary-expr","locations":[{"start":{"line":12,"column":13},"end":{"line":16,"column":7}},{"start":{"line":16,"column":11},"end":{"line":16,"column":13}}]},"1":{"loc":{"start":{"line":12,"column":13},"end":{"line":16,"column":7}},"type":"cond-expr","locations":[{"start":{"line":12,"column":33},"end":{"line":12,"column":35}},{"start":{"line":12,"column":33},"end":{"line":16,"column":7}}]},"2":{"loc":{"start":{"line":12,"column":13},"end":{"line":12,"column":35}},"type":"binary-expr","locations":[{"start":{"line":12,"column":13},"end":{"line":12,"column":35}},{"start":{"line":12,"column":33},"end":{"line":12,"column":35}}]},"3":{"loc":{"start":{"line":12,"column":13},"end":{"line":12,"column":33}},"type":"cond-expr","locations":[{"start":{"line":12,"column":24},"end":{"line":12,"column":26}},{"start":{"line":12,"column":13},"end":{"line":12,"column":33}}]},"4":{"loc":{"start":{"line":12,"column":13},"end":{"line":12,"column":26}},"type":"binary-expr","locations":[{"start":{"line":12,"column":13},"end":{"line":12,"column":26}},{"start":{"line":12,"column":13},"end":{"line":12,"column":26}}]},"5":{"loc":{"start":{"line":39,"column":4},"end":{"line":45,"column":5}},"type":"if","locations":[{"start":{"line":39,"column":4},"end":{"line":45,"column":5}},{"start":{"line":41,"column":11},"end":{"line":45,"column":5}}]},"6":{"loc":{"start":{"line":42,"column":29},"end":{"line":42,"column":106}},"type":"cond-expr","locations":[{"start":{"line":42,"column":100},"end":{"line":42,"column":102}},{"start":{"line":42,"column":100},"end":{"line":42,"column":106}}]},"7":{"loc":{"start":{"line":42,"column":29},"end":{"line":42,"column":102}},"type":"binary-expr","locations":[{"start":{"line":42,"column":29},"end":{"line":42,"column":102}},{"start":{"line":42,"column":100},"end":{"line":42,"column":102}}]},"8":{"loc":{"start":{"line":42,"column":67},"end":{"line":42,"column":83}},"type":"cond-expr","locations":[{"start":{"line":42,"column":77},"end":{"line":42,"column":79}},{"start":{"line":42,"column":77},"end":{"line":42,"column":83}}]},"9":{"loc":{"start":{"line":42,"column":67},"end":{"line":42,"column":79}},"type":"binary-expr","locations":[{"start":{"line":42,"column":67},"end":{"line":42,"column":79}},{"start":{"line":42,"column":77},"end":{"line":42,"column":79}}]},"10":{"loc":{"start":{"line":43,"column":6},"end":{"line":43,"column":34}},"type":"if","locations":[{"start":{"line":43,"column":6},"end":{"line":43,"column":34}}]},"11":{"loc":{"start":{"line":48,"column":4},"end":{"line":51,"column":5}},"type":"if","locations":[{"start":{"line":48,"column":4},"end":{"line":51,"column":5}}]},"12":{"loc":{"start":{"line":55,"column":4},"end":{"line":55,"column":104}},"type":"cond-expr","locations":[{"start":{"line":55,"column":81},"end":{"line":55,"column":83}},{"start":{"line":55,"column":81},"end":{"line":55,"column":104}}]},"13":{"loc":{"start":{"line":55,"column":4},"end":{"line":55,"column":83}},"type":"binary-expr","locations":[{"start":{"line":55,"column":4},"end":{"line":55,"column":83}},{"start":{"line":55,"column":81},"end":{"line":55,"column":83}}]},"14":{"loc":{"start":{"line":55,"column":4},"end":{"line":55,"column":81}},"type":"cond-expr","locations":[{"start":{"line":55,"column":75},"end":{"line":55,"column":77}},{"start":{"line":55,"column":75},"end":{"line":55,"column":81}}]},"15":{"loc":{"start":{"line":55,"column":4},"end":{"line":55,"column":77}},"type":"binary-expr","locations":[{"start":{"line":55,"column":4},"end":{"line":55,"column":77}},{"start":{"line":55,"column":75},"end":{"line":55,"column":77}}]},"16":{"loc":{"start":{"line":55,"column":42},"end":{"line":55,"column":58}},"type":"cond-expr","locations":[{"start":{"line":55,"column":52},"end":{"line":55,"column":54}},{"start":{"line":55,"column":52},"end":{"line":55,"column":58}}]},"17":{"loc":{"start":{"line":55,"column":42},"end":{"line":55,"column":54}},"type":"binary-expr","locations":[{"start":{"line":55,"column":42},"end":{"line":55,"column":54}},{"start":{"line":55,"column":52},"end":{"line":55,"column":54}}]},"18":{"loc":{"start":{"line":57,"column":2},"end":{"line":57,"column":55}},"type":"if","locations":[{"start":{"line":57,"column":2},"end":{"line":57,"column":55}}]},"19":{"loc":{"start":{"line":58,"column":2},"end":{"line":58,"column":66}},"type":"if","locations":[{"start":{"line":58,"column":2},"end":{"line":58,"column":66}}]},"20":{"loc":{"start":{"line":68,"column":11},"end":{"line":93,"column":12}},"type":"cond-expr","locations":[{"start":{"line":68,"column":22},"end":{"line":68,"column":24}},{"start":{"line":68,"column":11},"end":{"line":93,"column":12}}]},"21":{"loc":{"start":{"line":68,"column":11},"end":{"line":68,"column":24}},"type":"binary-expr","locations":[{"start":{"line":68,"column":11},"end":{"line":68,"column":24}},{"start":{"line":68,"column":11},"end":{"line":68,"column":24}}]},"22":{"loc":{"start":{"line":99,"column":22},"end":{"line":99,"column":46}},"type":"binary-expr","locations":[{"start":{"line":99,"column":22},"end":{"line":99,"column":32}},{"start":{"line":99,"column":36},"end":{"line":99,"column":46}}]},"23":{"loc":{"start":{"line":107,"column":45},"end":{"line":107,"column":78}},"type":"cond-expr","locations":[{"start":{"line":107,"column":65},"end":{"line":107,"column":72}},{"start":{"line":107,"column":75},"end":{"line":107,"column":78}}]},"24":{"loc":{"start":{"line":107,"column":45},"end":{"line":107,"column":62}},"type":"cond-expr","locations":[{"start":{"line":107,"column":56},"end":{"line":107,"column":58}},{"start":{"line":107,"column":45},"end":{"line":107,"column":62}}]},"25":{"loc":{"start":{"line":107,"column":45},"end":{"line":107,"column":58}},"type":"binary-expr","locations":[{"start":{"line":107,"column":45},"end":{"line":107,"column":58}},{"start":{"line":107,"column":45},"end":{"line":107,"column":58}}]},"26":{"loc":{"start":{"line":108,"column":22},"end":{"line":108,"column":54}},"type":"binary-expr","locations":[{"start":{"line":108,"column":22},"end":{"line":108,"column":44}},{"start":{"line":108,"column":44},"end":{"line":108,"column":54}}]},"27":{"loc":{"start":{"line":108,"column":23},"end":{"line":108,"column":40}},"type":"cond-expr","locations":[{"start":{"line":108,"column":34},"end":{"line":108,"column":36}},{"start":{"line":108,"column":23},"end":{"line":108,"column":40}}]},"28":{"loc":{"start":{"line":108,"column":23},"end":{"line":108,"column":36}},"type":"binary-expr","locations":[{"start":{"line":108,"column":23},"end":{"line":108,"column":36}},{"start":{"line":108,"column":23},"end":{"line":108,"column":36}}]}},"s":{"0":1,"1":1,"2":1,"3":1,"4":1,"5":1,"6":1,"7":1,"8":16,"9":20,"10":10,"11":16,"12":16,"13":6,"14":16,"15":16,"16":16,"17":16,"18":1,"19":0,"20":1,"21":1,"22":0,"23":0,"24":1,"25":1,"26":1,"27":0,"28":1,"29":1,"30":1,"31":0,"32":0,"33":16,"34":12,"35":18,"36":16,"37":6,"38":10,"39":4,"40":6,"41":12,"42":12,"43":0,"44":0,"45":1,"46":1,"47":1},"f":{"0":16,"1":20,"2":10,"3":16,"4":6,"5":16,"6":1,"7":0,"8":0,"9":1,"10":12,"11":18,"12":12,"13":0,"14":0,"15":1,"16":1},"b":{"0":[16,6],"1":[6,10],"2":[16,16],"3":[6,10],"4":[16,16],"5":[0,1],"6":[0,1],"7":[1,1],"8":[0,1],"9":[1,1],"10":[0],"11":[0],"12":[6,6],"13":[12,12],"14":[6,6],"15":[12,12],"16":[0,18],"17":[18,18],"18":[6],"19":[4],"20":[0,6],"21":[6,6],"22":[6,2],"23":[1,0],"24":[0,1],"25":[1,1],"26":[6,6],"27":[0,6],"28":[6,6]}}
,"/Users/miguelbragagomes/pokebloq/src/services/pokemonApi.ts": {"path":"/Users/miguelbragagomes/pokebloq/src/services/pokemonApi.ts","statementMap":{"0":{"start":{"line":1,"column":0},"end":{"line":1,"column":26}},"1":{"start":{"line":5,"column":35},"end":{"line":8,"column":2}},"2":{"start":{"line":5,"column":81},"end":{"line":8,"column":2}},"3":{"start":{"line":6,"column":21},"end":{"line":6,"column":95}},"4":{"start":{"line":7,"column":4},"end":{"line":7,"column":25}},"5":{"start":{"line":5,"column":13},"end":{"line":5,"column":35}},"6":{"start":{"line":10,"column":33},"end":{"line":13,"column":2}},"7":{"start":{"line":10,"column":74},"end":{"line":13,"column":2}},"8":{"start":{"line":11,"column":19},"end":{"line":11,"column":89}},"9":{"start":{"line":12,"column":2},"end":{"line":12,"column":23}},"10":{"start":{"line":10,"column":13},"end":{"line":10,"column":33}},"11":{"start":{"line":16,"column":29},"end":{"line":24,"column":4}},"12":{"start":{"line":16,"column":78},"end":{"line":24,"column":4}},"13":{"start":{"line":17,"column":18},"end":{"line":17,"column":20}},"14":{"start":{"line":18,"column":19},"end":{"line":18,"column":37}},"15":{"start":{"line":19,"column":4},"end":{"line":19,"column":null}},"16":{"start":{"line":20,"column":21},"end":{"line":21,"column":null}},"17":{"start":{"line":23,"column":4},"end":{"line":23,"column":25}},"18":{"start":{"line":16,"column":13},"end":{"line":16,"column":29}}},"fnMap":{"0":{"name":"(anonymous_7)","decl":{"start":{"line":5,"column":35},"end":{"line":5,"column":42}},"loc":{"start":{"line":5,"column":81},"end":{"line":8,"column":2}}},"1":{"name":"(anonymous_8)","decl":{"start":{"line":5,"column":81},"end":{"line":5,"column":null}},"loc":{"start":{"line":5,"column":81},"end":{"line":8,"column":1}}},"2":{"name":"(anonymous_9)","decl":{"start":{"line":10,"column":33},"end":{"line":10,"column":72}},"loc":{"start":{"line":10,"column":74},"end":{"line":13,"column":2}}},"3":{"name":"(anonymous_10)","decl":{"start":{"line":10,"column":74},"end":{"line":10,"column":null}},"loc":{"start":{"line":10,"column":74},"end":{"line":13,"column":1}}},"4":{"name":"(anonymous_11)","decl":{"start":{"line":16,"column":29},"end":{"line":16,"column":36}},"loc":{"start":{"line":16,"column":78},"end":{"line":24,"column":4}}},"5":{"name":"(anonymous_12)","decl":{"start":{"line":16,"column":78},"end":{"line":16,"column":null}},"loc":{"start":{"line":16,"column":78},"end":{"line":24,"column":3}}}},"branchMap":{},"s":{"0":1,"1":1,"2":0,"3":0,"4":0,"5":1,"6":1,"7":0,"8":0,"9":0,"10":1,"11":1,"12":0,"13":0,"14":0,"15":0,"16":0,"17":0,"18":1},"f":{"0":0,"1":0,"2":0,"3":0,"4":0,"5":0},"b":{}}
}
