TN:
SF:src/components/ToggleCatch.tsx
FN:3,ToggleCatch
FN:6,(anonymous_1)
FNF:2
FNH:2
FNDA:12,ToggleCatch
FNDA:1,(anonymous_1)
DA:5,12
DA:6,1
DA:18,1
LF:3
LH:3
BRDA:7,0,0,0
BRDA:7,0,1,12
BRDA:11,1,0,0
BRDA:11,1,1,12
BRDA:12,2,0,0
BRDA:12,2,1,12
BRDA:14,3,0,0
BRDA:14,3,1,12
BRF:8
BRH:4
end_of_record
TN:
SF:src/hooks/useIsPokemonCaught.tsx
FN:3,useIsPokemonCaught
FN:4,(anonymous_1)
FNF:2
FNH:2
FNDA:15,useIsPokemonCaught
FNDA:3,(anonymous_1)
DA:4,15
DA:5,15
DA:8,2
LF:3
LH:3
BRF:0
BRH:0
end_of_record
TN:
SF:src/pages/PokemonListPage.tsx
FN:10,(anonymous_0)
FN:12,(anonymous_1)
FN:14,(anonymous_2)
FN:20,PokemonList
FN:27,(anonymous_4)
FN:33,(anonymous_5)
FN:35,(anonymous_6)
FN:36,(anonymous_7)
FN:40,(anonymous_8)
FN:42,(anonymous_9)
FN:54,(anonymous_10)
FN:55,(anonymous_11)
FN:68,(anonymous_12)
FN:98,(anonymous_13)
FN:98,(anonymous_14)
FN:107,(anonymous_15)
FN:107,(anonymous_16)
FNF:17
FNH:13
FNDA:16,(anonymous_0)
FNDA:20,(anonymous_1)
FNDA:10,(anonymous_2)
FNDA:16,PokemonList
FNDA:6,(anonymous_4)
FNDA:16,(anonymous_5)
FNDA:1,(anonymous_6)
FNDA:0,(anonymous_7)
FNDA:0,(anonymous_8)
FNDA:1,(anonymous_9)
FNDA:12,(anonymous_10)
FNDA:18,(anonymous_11)
FNDA:12,(anonymous_12)
FNDA:0,(anonymous_13)
FNDA:0,(anonymous_14)
FNDA:1,(anonymous_15)
FNDA:1,(anonymous_16)
DA:1,1
DA:2,1
DA:3,1
DA:4,1
DA:6,1
DA:7,1
DA:8,1
DA:10,1
DA:11,16
DA:12,20
DA:14,10
DA:22,16
DA:24,16
DA:27,6
DA:31,16
DA:33,16
DA:35,16
DA:36,1
DA:37,1
DA:39,1
DA:40,0
DA:42,1
DA:43,1
DA:44,1
DA:47,1
DA:48,1
DA:49,0
DA:50,0
DA:54,16
DA:55,18
DA:57,16
DA:58,10
DA:60,6
DA:69,12
DA:70,12
DA:98,0
DA:107,1
DA:120,1
LF:38
LH:34
BRDA:12,0,0,16
BRDA:12,0,1,6
BRDA:12,1,0,6
BRDA:12,1,1,10
BRDA:12,2,0,16
BRDA:12,2,1,16
BRDA:12,3,0,6
BRDA:12,3,1,10
BRDA:12,4,0,16
BRDA:12,4,1,16
BRDA:39,5,0,0
BRDA:39,5,1,1
BRDA:42,6,0,0
BRDA:42,6,1,1
BRDA:42,7,0,1
BRDA:42,7,1,1
BRDA:42,8,0,0
BRDA:42,8,1,1
BRDA:42,9,0,1
BRDA:42,9,1,1
BRDA:43,10,0,0
BRDA:48,11,0,0
BRDA:55,12,0,6
BRDA:55,12,1,6
BRDA:55,13,0,12
BRDA:55,13,1,12
BRDA:55,14,0,6
BRDA:55,14,1,6
BRDA:55,15,0,12
BRDA:55,15,1,12
BRDA:55,16,0,0
BRDA:55,16,1,18
BRDA:55,17,0,18
BRDA:55,17,1,18
BRDA:57,18,0,6
BRDA:58,19,0,4
BRDA:68,20,0,0
BRDA:68,20,1,6
BRDA:68,21,0,6
BRDA:68,21,1,6
BRDA:99,22,0,6
BRDA:99,22,1,2
BRDA:107,23,0,1
BRDA:107,23,1,0
BRDA:107,24,0,0
BRDA:107,24,1,1
BRDA:107,25,0,1
BRDA:107,25,1,1
BRDA:108,26,0,6
BRDA:108,26,1,6
BRDA:108,27,0,0
BRDA:108,27,1,6
BRDA:108,28,0,6
BRDA:108,28,1,6
BRF:54
BRH:44
end_of_record
TN:
SF:src/services/pokemonApi.ts
FN:5,(anonymous_7)
FN:5,(anonymous_8)
FN:10,(anonymous_9)
FN:10,(anonymous_10)
FN:16,(anonymous_11)
FN:16,(anonymous_12)
FNF:6
FNH:0
FNDA:0,(anonymous_7)
FNDA:0,(anonymous_8)
FNDA:0,(anonymous_9)
FNDA:0,(anonymous_10)
FNDA:0,(anonymous_11)
FNDA:0,(anonymous_12)
DA:1,1
DA:5,1
DA:6,0
DA:7,0
DA:10,1
DA:11,0
DA:12,0
DA:16,1
DA:17,0
DA:18,0
DA:19,0
DA:20,0
DA:23,0
LF:13
LH:4
BRF:0
BRH:0
end_of_record
